Using pre-set license
Built from '2020.3/release' branch; Version is '2020.3.12f1 (b3b2c6512326) revision 11776710'; Using compiler version '192528614'; Build Type 'Release'
OS: 'Windows 10 Pro; OS build 17763.107; Version 1809; 64bit' Language: 'ru' Physical Memory: 16249 MB
BatchMode: 1, IsHumanControllingUs: 0, StartBugReporterOnCrash: 0, Is64bit: 1, IsPro: 0

 COMMAND LINE ARGUMENTS:
D:\Unity\2020.3.12f1\Editor\Unity.exe
-adb2
-batchMode
-noUpm
-name
AssetImportWorker0
-projectPath
D:/Unity/Projects/SpaceAdventure
-logFile
Logs/AssetImportWorker0.log
-srvPort
54181
Successfully changed project path to: D:/Unity/Projects/SpaceAdventure
D:/Unity/Projects/SpaceAdventure
Using Asset Import Pipeline V2.
Refreshing native plugins compatible for Editor in 40.96 ms, found 3 plugins.
Preloading 0 native plugins for Editor in 0.00 ms.
Initialize engine version: 2020.3.12f1 (b3b2c6512326)
[Subsystems] Discovering subsystems at path D:/Unity/2020.3.12f1/Editor/Data/Resources/UnitySubsystems
[Subsystems] Discovering subsystems at path D:/Unity/Projects/SpaceAdventure/Assets
GfxDevice: creating device client; threaded=0
Direct3D:
    Version:  Direct3D 11.0 [level 11.1]
    Renderer: Intel(R) HD Graphics 530 (ID=0x1912)
    Vendor:   
    VRAM:     8124 MB
    Driver:   23.20.16.4849
Initialize mono
Mono path[0] = 'D:/Unity/2020.3.12f1/Editor/Data/Managed'
Mono path[1] = 'D:/Unity/2020.3.12f1/Editor/Data/MonoBleedingEdge/lib/mono/unityjit'
Mono config path = 'D:/Unity/2020.3.12f1/Editor/Data/MonoBleedingEdge/etc'
Using monoOptions --debugger-agent=transport=dt_socket,embedding=1,server=y,suspend=n,address=127.0.0.1:56472
Begin MonoManager ReloadAssembly
Registering precompiled unity dll's ...
Register platform support module: D:/Unity/2020.3.12f1/Editor/Data/PlaybackEngines/WindowsStandaloneSupport/UnityEditor.WindowsStandalone.Extensions.dll
Registered in 0.000890 seconds.
Native extension for WindowsStandalone target not found
Refreshing native plugins compatible for Editor in 53.24 ms, found 3 plugins.
Preloading 0 native plugins for Editor in 0.00 ms.
Mono: successfully reloaded assembly
- Completed reload, in  1.566 seconds
Platform modules already initialized, skipping
Registering precompiled user dll's ...
Registered in 0.006616 seconds.
Begin MonoManager ReloadAssembly
Native extension for WindowsStandalone target not found
Refreshing native plugins compatible for Editor in 39.91 ms, found 3 plugins.
Preloading 0 native plugins for Editor in 0.00 ms.
Mono: successfully reloaded assembly
- Completed reload, in  1.046 seconds
Platform modules already initialized, skipping
========================================================================
Worker process is ready to serve import requests
Launched and connected shader compiler UnityShaderCompiler.exe after 0.04 seconds
Refreshing native plugins compatible for Editor in 0.56 ms, found 3 plugins.
Preloading 0 native plugins for Editor in 0.00 ms.
Unloading 2082 Unused Serialized files (Serialized files now loaded: 0)
System memory in use before: 94.6 MB.
System memory in use after: 94.7 MB.

Unloading 27 unused Assets to reduce memory usage. Loaded Objects now: 2516.
Total: 2.596100 ms (FindLiveObjects: 0.222400 ms CreateObjectMapping: 0.099300 ms MarkObjects: 2.158500 ms  DeleteObjects: 0.114500 ms)

AssetImportParameters requested are different than current active one (requested -> active):
  custom:framework-win-MediaFoundation: 216162199b28c13a410421893ffa2e32 -> 
  custom:video-decoder-ogg-theora: a1e56fd34408186e4bbccfd4996cb3dc -> 
  custom:container-muxer-webm: aa71ff27fc2769a1b78a27578f13a17b -> 
  custom:container-demuxer-webm: 4f35f7cbe854078d1ac9338744f61a02 -> 
  custom:container-demuxer-ogg: 62fdf1f143b41e24485cea50d1cbac27 -> 
  custom:video-encoder-webm-vp8: eb34c28f22e8b96e1ab97ce403110664 -> 
  custom:video-decoder-webm-vp8: 9c59270c3fd7afecdb556c50c9e8de78 -> 
  custom:audio-decoder-ogg-vorbis: bf7c407c2cedff20999df2af8eb42d56 -> 
  custom:audio-encoder-webm-vorbis: bf7c407c2cedff20999df2af8eb42d56 -> 
========================================================================
Received Import Request.
  path: Assets/Space Adventure/Scripts/Game
  artifactKey: Guid(04f39b4272ea3ab4a9228d7c3d4b76a8) Importer(815301076,1909f56bfc062723c751e8b465ee728b)
Start importing Assets/Space Adventure/Scripts/Game using Guid(04f39b4272ea3ab4a9228d7c3d4b76a8) Importer(815301076,1909f56bfc062723c751e8b465ee728b)  -> (artifact id: '4c4fed314bb3ed81274960f7030f8e99') in 0.004505 seconds 
  Import took 0.007954 seconds .

========================================================================
Received Import Request.
  Time since last request: 0.000305 seconds.
  path: Assets/Space Adventure/Scripts
  artifactKey: Guid(dc3d91d81041c764e82623ea9e6a97e1) Importer(815301076,1909f56bfc062723c751e8b465ee728b)
Start importing Assets/Space Adventure/Scripts using Guid(dc3d91d81041c764e82623ea9e6a97e1) Importer(815301076,1909f56bfc062723c751e8b465ee728b)  -> (artifact id: '556de73a3d7167d58123f9bcd71f3807') in 0.001422 seconds 
  Import took 0.004912 seconds .

========================================================================
Received Import Request.
  Time since last request: 0.000268 seconds.
  path: Assets/Space Adventure
  artifactKey: Guid(e59cdaeff49d8074fac4959aa262c098) Importer(815301076,1909f56bfc062723c751e8b465ee728b)
Start importing Assets/Space Adventure using Guid(e59cdaeff49d8074fac4959aa262c098) Importer(815301076,1909f56bfc062723c751e8b465ee728b)  -> (artifact id: '41ea4255681ad17d3ce01f822152678a') in 0.001771 seconds 
  Import took 0.007394 seconds .

========================================================================
Received Import Request.
  Time since last request: 2.635405 seconds.
  path: Assets/Space Adventure/Scenes/Game.unity
  artifactKey: Guid(1f84376ce564cf74ab0863c8368808a8) Importer(815301076,1909f56bfc062723c751e8b465ee728b)
Start importing Assets/Space Adventure/Scenes/Game.unity using Guid(1f84376ce564cf74ab0863c8368808a8) Importer(815301076,1909f56bfc062723c751e8b465ee728b)  -> (artifact id: '60776f1f6207060bc2d04c32922d0812') in 0.010789 seconds 
  Import took 0.013952 seconds .

========================================================================
Received Import Request.
  Time since last request: 0.947995 seconds.
  path: Assets/Space Adventure/Scenes/Main Menu.unity
  artifactKey: Guid(d6016cbb779e99e48bf384386441f88e) Importer(815301076,1909f56bfc062723c751e8b465ee728b)
Start importing Assets/Space Adventure/Scenes/Main Menu.unity using Guid(d6016cbb779e99e48bf384386441f88e) Importer(815301076,1909f56bfc062723c751e8b465ee728b)  -> (artifact id: '6608082244f01e98ad40dde0415484de') in 0.002092 seconds 
  Import took 0.006276 seconds .

========================================================================
Received Import Request.
  Time since last request: 0.000414 seconds.
  path: Assets/Space Adventure/Scenes/Main Menu.unity
  artifactKey: Guid(d6016cbb779e99e48bf384386441f88e) Importer(815301076,1909f56bfc062723c751e8b465ee728b)
Start importing Assets/Space Adventure/Scenes/Main Menu.unity using Guid(d6016cbb779e99e48bf384386441f88e) Importer(815301076,1909f56bfc062723c751e8b465ee728b)  -> (artifact id: '6608082244f01e98ad40dde0415484de') in 0.002127 seconds 
  Import took 0.006729 seconds .

========================================================================
Received Prepare
Registering precompiled user dll's ...
Registered in 0.002574 seconds.
Begin MonoManager ReloadAssembly
Native extension for WindowsStandalone target not found
Refreshing native plugins compatible for Editor in 0.56 ms, found 3 plugins.
Preloading 0 native plugins for Editor in 0.00 ms.
Mono: successfully reloaded assembly
- Completed reload, in  0.966 seconds
Platform modules already initialized, skipping
Refreshing native plugins compatible for Editor in 0.59 ms, found 3 plugins.
Preloading 0 native plugins for Editor in 0.00 ms.
Unloading 2060 Unused Serialized files (Serialized files now loaded: 0)
System memory in use before: 92.9 MB.
System memory in use after: 93.0 MB.

Unloading 17 unused Assets to reduce memory usage. Loaded Objects now: 2519.
Total: 2.444200 ms (FindLiveObjects: 0.236400 ms CreateObjectMapping: 0.097000 ms MarkObjects: 2.041400 ms  DeleteObjects: 0.067800 ms)

AssetImportParameters requested are different than current active one (requested -> active):
  custom:framework-win-MediaFoundation: 216162199b28c13a410421893ffa2e32 -> 
  custom:video-decoder-ogg-theora: a1e56fd34408186e4bbccfd4996cb3dc -> 
  custom:container-muxer-webm: aa71ff27fc2769a1b78a27578f13a17b -> 
  custom:container-demuxer-webm: 4f35f7cbe854078d1ac9338744f61a02 -> 
  custom:container-demuxer-ogg: 62fdf1f143b41e24485cea50d1cbac27 -> 
  custom:video-encoder-webm-vp8: eb34c28f22e8b96e1ab97ce403110664 -> 
  custom:video-decoder-webm-vp8: 9c59270c3fd7afecdb556c50c9e8de78 -> 
  custom:audio-decoder-ogg-vorbis: bf7c407c2cedff20999df2af8eb42d56 -> 
  custom:audio-encoder-webm-vorbis: bf7c407c2cedff20999df2af8eb42d56 -> 
========================================================================
Received Prepare
Registering precompiled user dll's ...
Registered in 0.002705 seconds.
Begin MonoManager ReloadAssembly
Native extension for WindowsStandalone target not found
Refreshing native plugins compatible for Editor in 0.46 ms, found 3 plugins.
Preloading 0 native plugins for Editor in 0.00 ms.
Mono: successfully reloaded assembly
- Completed reload, in  0.933 seconds
Platform modules already initialized, skipping
Refreshing native plugins compatible for Editor in 0.52 ms, found 3 plugins.
Preloading 0 native plugins for Editor in 0.00 ms.
Unloading 2060 Unused Serialized files (Serialized files now loaded: 0)
System memory in use before: 93.0 MB.
System memory in use after: 93.1 MB.

Unloading 17 unused Assets to reduce memory usage. Loaded Objects now: 2522.
Total: 2.483300 ms (FindLiveObjects: 0.240300 ms CreateObjectMapping: 0.096400 ms MarkObjects: 2.081500 ms  DeleteObjects: 0.063700 ms)

AssetImportParameters requested are different than current active one (requested -> active):
  custom:framework-win-MediaFoundation: 216162199b28c13a410421893ffa2e32 -> 
  custom:video-decoder-ogg-theora: a1e56fd34408186e4bbccfd4996cb3dc -> 
  custom:container-muxer-webm: aa71ff27fc2769a1b78a27578f13a17b -> 
  custom:container-demuxer-webm: 4f35f7cbe854078d1ac9338744f61a02 -> 
  custom:container-demuxer-ogg: 62fdf1f143b41e24485cea50d1cbac27 -> 
  custom:video-encoder-webm-vp8: eb34c28f22e8b96e1ab97ce403110664 -> 
  custom:video-decoder-webm-vp8: 9c59270c3fd7afecdb556c50c9e8de78 -> 
  custom:audio-decoder-ogg-vorbis: bf7c407c2cedff20999df2af8eb42d56 -> 
  custom:audio-encoder-webm-vorbis: bf7c407c2cedff20999df2af8eb42d56 -> 
========================================================================
Received Prepare
Registering precompiled user dll's ...
Registered in 0.002496 seconds.
Begin MonoManager ReloadAssembly
Native extension for WindowsStandalone target not found
Refreshing native plugins compatible for Editor in 0.72 ms, found 3 plugins.
Preloading 0 native plugins for Editor in 0.00 ms.
Mono: successfully reloaded assembly
- Completed reload, in  1.053 seconds
Platform modules already initialized, skipping
Switching build target platform(19) subTarget(0) extendedPlatform(0) -> platform(13) subTarget(537395200) extendedPlatform(0)
Refreshing native plugins compatible for Editor in 0.56 ms, found 3 plugins.
Preloading 0 native plugins for Editor in 0.00 ms.
Unloading 2064 Unused Serialized files (Serialized files now loaded: 0)
System memory in use before: 92.9 MB.
System memory in use after: 93.0 MB.

Unloading 17 unused Assets to reduce memory usage. Loaded Objects now: 2525.
Total: 2.312500 ms (FindLiveObjects: 0.177700 ms CreateObjectMapping: 0.069100 ms MarkObjects: 1.951700 ms  DeleteObjects: 0.112900 ms)

AssetImportParameters requested are different than current active one (requested -> active):
  custom:framework-win-MediaFoundation: 216162199b28c13a410421893ffa2e32 -> 
  custom:video-decoder-ogg-theora: a1e56fd34408186e4bbccfd4996cb3dc -> 
  custom:container-muxer-webm: aa71ff27fc2769a1b78a27578f13a17b -> 
  custom:container-demuxer-webm: 4f35f7cbe854078d1ac9338744f61a02 -> 
  custom:container-demuxer-ogg: 62fdf1f143b41e24485cea50d1cbac27 -> 
  custom:video-encoder-webm-vp8: eb34c28f22e8b96e1ab97ce403110664 -> 
  custom:video-decoder-webm-vp8: 9c59270c3fd7afecdb556c50c9e8de78 -> 
  custom:graphics/normal-map-encoding: 01000000000000000000000000000000 -> 02000000000000000000000000000000
  custom:audio-decoder-ogg-vorbis: bf7c407c2cedff20999df2af8eb42d56 -> 
  custom:audio-encoder-webm-vorbis: bf7c407c2cedff20999df2af8eb42d56 -> 
========================================================================
Received Prepare
Refreshing native plugins compatible for Editor in 3.26 ms, found 3 plugins.
Preloading 0 native plugins for Editor in 0.00 ms.
Unloading 15 Unused Serialized files (Serialized files now loaded: 0)
System memory in use before: 52.4 MB.
System memory in use after: 52.5 MB.

Unloading 15 unused Assets to reduce memory usage. Loaded Objects now: 2525.
Total: 2.587900 ms (FindLiveObjects: 0.221800 ms CreateObjectMapping: 0.088900 ms MarkObjects: 2.214000 ms  DeleteObjects: 0.062000 ms)

AssetImportParameters requested are different than current active one (requested -> active):
  custom:framework-win-MediaFoundation: 216162199b28c13a410421893ffa2e32 -> 
  custom:video-decoder-ogg-theora: a1e56fd34408186e4bbccfd4996cb3dc -> 
  custom:container-muxer-webm: aa71ff27fc2769a1b78a27578f13a17b -> 
  custom:container-demuxer-webm: 4f35f7cbe854078d1ac9338744f61a02 -> 
  custom:container-demuxer-ogg: 62fdf1f143b41e24485cea50d1cbac27 -> 
  custom:video-encoder-webm-vp8: eb34c28f22e8b96e1ab97ce403110664 -> 
  custom:video-decoder-webm-vp8: 9c59270c3fd7afecdb556c50c9e8de78 -> 
  custom:audio-decoder-ogg-vorbis: bf7c407c2cedff20999df2af8eb42d56 -> 
  custom:audio-encoder-webm-vorbis: bf7c407c2cedff20999df2af8eb42d56 -> 
========================================================================
Received Import Request.
  Time since last request: 143.466921 seconds.
  path: Assets/Space Adventure/Textures/UI/Game Icon/Icon-512.png
  artifactKey: Guid(6153ed6928f79a44d887ed73a0a8102c) Importer(815301076,1909f56bfc062723c751e8b465ee728b)
Start importing Assets/Space Adventure/Textures/UI/Game Icon/Icon-512.png using Guid(6153ed6928f79a44d887ed73a0a8102c) Importer(815301076,1909f56bfc062723c751e8b465ee728b)  -> (artifact id: '0c0d45bc5601d7824ae3dca752581e2d') in 0.439142 seconds 
  Import took 0.449843 seconds .

========================================================================
Received Import Request.
  Time since last request: 0.001713 seconds.
  path: Assets/Space Adventure/Textures/UI/Game Icon/Icon-512.png
  artifactKey: Guid(6153ed6928f79a44d887ed73a0a8102c) Importer(815301076,1909f56bfc062723c751e8b465ee728b)
Start importing Assets/Space Adventure/Textures/UI/Game Icon/Icon-512.png using Guid(6153ed6928f79a44d887ed73a0a8102c) Importer(815301076,1909f56bfc062723c751e8b465ee728b)  -> (artifact id: '0c0d45bc5601d7824ae3dca752581e2d') in 0.060229 seconds 
  Import took 0.067280 seconds .

========================================================================
Received Prepare
Refreshing native plugins compatible for Editor in 4.08 ms, found 3 plugins.
Preloading 0 native plugins for Editor in 0.00 ms.
Unloading 15 Unused Serialized files (Serialized files now loaded: 0)
System memory in use before: 55.6 MB.
System memory in use after: 55.7 MB.

Unloading 15 unused Assets to reduce memory usage. Loaded Objects now: 2531.
Total: 3.374400 ms (FindLiveObjects: 0.285400 ms CreateObjectMapping: 0.116300 ms MarkObjects: 2.902100 ms  DeleteObjects: 0.069400 ms)

AssetImportParameters requested are different than current active one (requested -> active):
  custom:framework-win-MediaFoundation: 216162199b28c13a410421893ffa2e32 -> 
  custom:video-decoder-ogg-theora: a1e56fd34408186e4bbccfd4996cb3dc -> 
  custom:container-muxer-webm: aa71ff27fc2769a1b78a27578f13a17b -> 
  custom:container-demuxer-webm: 4f35f7cbe854078d1ac9338744f61a02 -> 
  custom:container-demuxer-ogg: 62fdf1f143b41e24485cea50d1cbac27 -> 
  custom:video-encoder-webm-vp8: eb34c28f22e8b96e1ab97ce403110664 -> 
  custom:video-decoder-webm-vp8: 9c59270c3fd7afecdb556c50c9e8de78 -> 
  custom:audio-decoder-ogg-vorbis: bf7c407c2cedff20999df2af8eb42d56 -> 
  custom:audio-encoder-webm-vorbis: bf7c407c2cedff20999df2af8eb42d56 -> 
========================================================================
Received Import Request.
  Time since last request: 173.934678 seconds.
  path: Assets/Space Adventure/Documentation/Space Adventure - Manual.pdf
  artifactKey: Guid(38468e8496deaca4a9cf66947fbb5e0e) Importer(815301076,1909f56bfc062723c751e8b465ee728b)
Start importing Assets/Space Adventure/Documentation/Space Adventure - Manual.pdf using Guid(38468e8496deaca4a9cf66947fbb5e0e) Importer(815301076,1909f56bfc062723c751e8b465ee728b)  -> (artifact id: '4be143a2ad942d8a567e09e86ed74cd9') in 0.019824 seconds 
  Import took 0.023434 seconds .

========================================================================
Received Import Request.
  Time since last request: 413.636113 seconds.
  path: Assets/Space Adventure/Scripts/Game/Coin.cs
  artifactKey: Guid(824462a7990ab46448cf06d0dcdfd3e8) Importer(815301076,1909f56bfc062723c751e8b465ee728b)
Start importing Assets/Space Adventure/Scripts/Game/Coin.cs using Guid(824462a7990ab46448cf06d0dcdfd3e8) Importer(815301076,1909f56bfc062723c751e8b465ee728b)  -> (artifact id: 'b7a45ff48b894f4294c56e55756593a8') in 0.007642 seconds 
  Import took 0.012782 seconds .

========================================================================
Received Import Request.
  Time since last request: 0.001012 seconds.
  path: Assets/Space Adventure/Scripts/Game/Coin.cs
  artifactKey: Guid(824462a7990ab46448cf06d0dcdfd3e8) Importer(815301076,1909f56bfc062723c751e8b465ee728b)
Start importing Assets/Space Adventure/Scripts/Game/Coin.cs using Guid(824462a7990ab46448cf06d0dcdfd3e8) Importer(815301076,1909f56bfc062723c751e8b465ee728b)  -> (artifact id: 'b7a45ff48b894f4294c56e55756593a8') in 0.002293 seconds 
  Import took 0.007691 seconds .

AssetImportWorkerClient::OnTransportError - code=2 error=End of file
